<?xml version="1.0" encoding="UTF-8"?>
<!-- Generated by org.testng.reporters.JUnitReportReporter -->
<testsuite hostname="UNI-BGL-SUMAN" failures="0" tests="1" name="Tests.WebElements" time="27.158" errors="0" timestamp="2021-05-12T11:45:56 IST" skipped="0">
  <testcase classname="Tests.WebElements" name="Elements" time="27.158"/>
  <system-out/>
</testsuite> <!-- Tests.WebElements -->
