<?xml version="1.0" encoding="UTF-8"?>
<!-- Generated by org.testng.reporters.JUnitReportReporter -->
<testsuite hostname="UNI-BGL-SUMAN" failures="0" tests="2" name="Annotations.TC2" time="0.004" errors="0" timestamp="2021-06-11T16:15:24 IST" skipped="0">
  <testcase classname="Annotations.TC2" name="test1" time="0.002"/>
  <system-out/>
  <testcase classname="Annotations.TC2" name="test5" time="0.002"/>
  <system-out/>
</testsuite> <!-- Annotations.TC2 -->
