<?xml version="1.0" encoding="UTF-8"?>
<!-- Generated by org.testng.reporters.JUnitReportReporter -->
<testsuite hostname="UNI-BGL-SUMAN" failures="0" tests="1" name="Tests.Base64ScreenShot" time="8.805" errors="0" timestamp="2021-05-05T16:47:08 IST" skipped="0">
  <testcase classname="Tests.Base64ScreenShot" name="screenshot" time="8.805"/>
  <system-out/>
</testsuite> <!-- Tests.Base64ScreenShot -->
