<?xml version="1.0" encoding="UTF-8"?>
<!-- Generated by org.testng.reporters.JUnitReportReporter -->
<testsuite hostname="UNI-BGL-SUMAN" failures="0" tests="1" name="Annotations.TC1" time="0.009" errors="0" timestamp="2021-06-11T16:15:24 IST" skipped="0">
  <testcase classname="Annotations.TC1" name="test90" time="0.009"/>
  <system-out/>
</testsuite> <!-- Annotations.TC1 -->
