<?xml version="1.0" encoding="UTF-8"?>
<!-- Generated by org.testng.reporters.JUnitReportReporter -->
<testsuite hostname="UNI-BGL-SUMAN" failures="0" tests="2" name="Tests.ParallelTest" time="20.577" errors="0" timestamp="2021-06-10T12:44:06 IST" skipped="0">
  <testcase classname="Tests.ParallelTest" name="firefox" time="10.271"/>
  <system-out/>
  <testcase classname="Tests.ParallelTest" name="chrome" time="10.306"/>
  <system-out/>
</testsuite> <!-- Tests.ParallelTest -->
