<?xml version="1.0" encoding="UTF-8"?>
<!-- Generated by org.testng.reporters.JUnitReportReporter -->
<testsuite hostname="UNI-BGL-SUMAN" failures="0" tests="2" name="TestNG.TC1" time="0.017" errors="0" timestamp="2021-06-11T13:12:25 IST" skipped="0">
  <testcase classname="TestNG.TC1" name="test1" time="0.003"/>
  <system-out/>
  <testcase classname="TestNG.TC1" name="test" time="0.014"/>
  <system-out/>
</testsuite> <!-- TestNG.TC1 -->
