<?xml version="1.0" encoding="UTF-8"?>
<!-- Generated by org.testng.reporters.JUnitReportReporter -->
<testsuite hostname="UNI-BGL-SUMAN" failures="0" tests="1" name="Tests.AuthenticationPopUP" time="15.523" errors="0" timestamp="2021-05-18T14:37:30 IST" skipped="0">
  <testcase classname="Tests.AuthenticationPopUP" name="Authentication" time="15.523"/>
  <system-out/>
</testsuite> <!-- Tests.AuthenticationPopUP -->
