<?xml version="1.0" encoding="UTF-8"?>
<!-- Generated by org.testng.reporters.JUnitReportReporter -->
<testsuite hostname="UNI-BGL-SUMAN" failures="0" tests="2" name="Tests.CrossBrowserTesting" time="21.800" errors="0" timestamp="2021-05-20T17:20:19 IST" skipped="0">
  <testcase classname="Tests.CrossBrowserTesting" name="CB" time="13.474"/>
  <system-out/>
  <testcase classname="Tests.CrossBrowserTesting" name="CB" time="8.326"/>
  <system-out/>
</testsuite> <!-- Tests.CrossBrowserTesting -->
