<?xml version="1.0" encoding="UTF-8"?>
<!-- Generated by org.testng.reporters.JUnitReportReporter -->
<testsuite hostname="UNI-BGL-SUMAN" failures="0" tests="1" name="Tests.SelectDropDown" time="25.101" errors="0" timestamp="2021-05-12T13:33:39 IST" skipped="0">
  <testcase classname="Tests.SelectDropDown" name="SelectList" time="25.101"/>
  <system-out/>
</testsuite> <!-- Tests.SelectDropDown -->
