<?xml version="1.0" encoding="UTF-8"?>
<!-- Generated by org.testng.reporters.JUnitReportReporter -->
<testsuite hostname="UNI-BGL-SUMAN" failures="0" tests="1" name="Tests.KeyBoardKeys" time="36.504" errors="0" timestamp="2021-05-12T11:03:07 IST" skipped="0">
  <testcase classname="Tests.KeyBoardKeys" name="Keys" time="36.504"/>
  <system-out/>
</testsuite> <!-- Tests.KeyBoardKeys -->
