<?xml version="1.0" encoding="UTF-8"?>
<!-- Generated by org.testng.reporters.JUnitReportReporter -->
<testsuite hostname="UNI-BGL-SUMAN" failures="0" tests="1" name="Tests.ScreenShot" time="9.041" errors="0" timestamp="2021-05-10T17:47:58 IST" skipped="0">
  <testcase classname="Tests.ScreenShot" name="imgscreenshot" time="9.041"/>
  <system-out/>
</testsuite> <!-- Tests.ScreenShot -->
